Determining if the pthread_create exist failed with the following output:
Change Dir: /home/hackathon_ws/build/CMakeFiles/CMakeTmp

Run Build Command:/usr/bin/make "cmTryCompileExec2598686534/fast"
/usr/bin/make -f CMakeFiles/cmTryCompileExec2598686534.dir/build.make CMakeFiles/cmTryCompileExec2598686534.dir/build
make[1]: Entering directory `/home/hackathon_ws/build/CMakeFiles/CMakeTmp'
/usr/bin/cmake -E cmake_progress_report /home/hackathon_ws/build/CMakeFiles/CMakeTmp/CMakeFiles 1
Building C object CMakeFiles/cmTryCompileExec2598686534.dir/CheckSymbolExists.c.o
/usr/bin/gcc    -o CMakeFiles/cmTryCompileExec2598686534.dir/CheckSymbolExists.c.o   -c /home/hackathon_ws/build/CMakeFiles/CMakeTmp/CheckSymbolExists.c
Linking C executable cmTryCompileExec2598686534
/usr/bin/cmake -E cmake_link_script CMakeFiles/cmTryCompileExec2598686534.dir/link.txt --verbose=1
/usr/bin/gcc         CMakeFiles/cmTryCompileExec2598686534.dir/CheckSymbolExists.c.o  -o cmTryCompileExec2598686534 -rdynamic 
CMakeFiles/cmTryCompileExec2598686534.dir/CheckSymbolExists.c.o: In function `main':
CheckSymbolExists.c:(.text+0xa): undefined reference to `pthread_create'
collect2: error: ld returned 1 exit status
make[1]: *** [cmTryCompileExec2598686534] Error 1
make[1]: Leaving directory `/home/hackathon_ws/build/CMakeFiles/CMakeTmp'
make: *** [cmTryCompileExec2598686534/fast] Error 2

File /home/hackathon_ws/build/CMakeFiles/CMakeTmp/CheckSymbolExists.c:
/* */
#include <pthread.h>

int main(int argc, char** argv)
{
  (void)argv;
#ifndef pthread_create
  return ((int*)(&pthread_create))[argc];
#else
  (void)argc;
  return 0;
#endif
}

Determining if the function pthread_create exists in the pthreads failed with the following output:
Change Dir: /home/hackathon_ws/build/CMakeFiles/CMakeTmp

Run Build Command:/usr/bin/make "cmTryCompileExec411810397/fast"
/usr/bin/make -f CMakeFiles/cmTryCompileExec411810397.dir/build.make CMakeFiles/cmTryCompileExec411810397.dir/build
make[1]: Entering directory `/home/hackathon_ws/build/CMakeFiles/CMakeTmp'
/usr/bin/cmake -E cmake_progress_report /home/hackathon_ws/build/CMakeFiles/CMakeTmp/CMakeFiles 1
Building C object CMakeFiles/cmTryCompileExec411810397.dir/CheckFunctionExists.c.o
/usr/bin/gcc   -DCHECK_FUNCTION_EXISTS=pthread_create   -o CMakeFiles/cmTryCompileExec411810397.dir/CheckFunctionExists.c.o   -c /usr/share/cmake-2.8/Modules/CheckFunctionExists.c
Linking C executable cmTryCompileExec411810397
/usr/bin/cmake -E cmake_link_script CMakeFiles/cmTryCompileExec411810397.dir/link.txt --verbose=1
/usr/bin/gcc     -DCHECK_FUNCTION_EXISTS=pthread_create    CMakeFiles/cmTryCompileExec411810397.dir/CheckFunctionExists.c.o  -o cmTryCompileExec411810397 -rdynamic -lpthreads 
/usr/bin/ld: cannot find -lpthreads
collect2: error: ld returned 1 exit status
make[1]: *** [cmTryCompileExec411810397] Error 1
make[1]: Leaving directory `/home/hackathon_ws/build/CMakeFiles/CMakeTmp'
make: *** [cmTryCompileExec411810397/fast] Error 2


